<?xml version="1.0" encoding="UTF-8"?>
<!-- Generated by org.testng.reporters.JUnitReportReporter -->
<testsuite skipped="0" hostname="DCCPLBNG-861" name="com.dealnsum.qa.testcases.CardsPageTest" tests="2" failures="0" timestamp="22 Oct 2018 10:34:24 GMT" time="39.481" errors="0">
  <testcase name="VerifyCardsTextName" time="16.582" classname="com.dealnsum.qa.testcases.CardsPageTest"/>
  <testcase name="VerifyFiltering" time="22.899" classname="com.dealnsum.qa.testcases.CardsPageTest"/>
</testsuite> <!-- com.dealnsum.qa.testcases.CardsPageTest -->
