<?xml version="1.0" encoding="UTF-8"?>
<!-- Generated by org.testng.reporters.JUnitReportReporter -->
<testsuite skipped="1" hostname="DCCPLBNG-861" name="com.dealnsum.qa.testcases.CustomerRegistrationPageTest" tests="1" failures="0" timestamp="18 Oct 2018 11:58:19 GMT" time="0.000" errors="0">
  <testcase name="VerifyCustomerRegistration" time="0.000" classname="com.dealnsum.qa.testcases.CustomerRegistrationPageTest">
    <skipped/>
  </testcase> <!-- VerifyCustomerRegistration -->
</testsuite> <!-- com.dealnsum.qa.testcases.CustomerRegistrationPageTest -->
